[0.489s] Invoking command in '/home/prius428/sensorlaunch/build/sensorlaunch': PYTHONPATH=/home/prius428/sensorlaunch/build/sensorlaunch/prefix_override:/usr/lib/python3/dist-packages/colcon_core/task/python/colcon_distutils_commands:/home/prius428/sensorlaunch/install/sensorlaunch/lib/python3.10/site-packages:${PYTHONPATH} /usr/bin/python3 -W ignore:setup.py install is deprecated setup.py develop --editable --build-directory /home/prius428/sensorlaunch/build/sensorlaunch/build --no-deps symlink_data
[0.677s] running develop
[0.678s] /usr/lib/python3/dist-packages/setuptools/command/easy_install.py:158: EasyInstallDeprecationWarning: easy_install command is deprecated. Use build and pip and other standards-based tools.
[0.678s]   warnings.warn(
[0.787s] running egg_info
[0.787s] writing sensorlaunch.egg-info/PKG-INFO
[0.787s] writing dependency_links to sensorlaunch.egg-info/dependency_links.txt
[0.787s] writing entry points to sensorlaunch.egg-info/entry_points.txt
[0.787s] writing requirements to sensorlaunch.egg-info/requires.txt
[0.787s] writing top-level names to sensorlaunch.egg-info/top_level.txt
[0.788s] reading manifest file 'sensorlaunch.egg-info/SOURCES.txt'
[0.788s] writing manifest file 'sensorlaunch.egg-info/SOURCES.txt'
[0.815s] running build_ext
[0.815s] Creating /home/prius428/sensorlaunch/install/sensorlaunch/lib/python3.10/site-packages/sensorlaunch.egg-link (link to .)
[0.816s] Installing can_publisher_node script to /home/prius428/sensorlaunch/install/sensorlaunch/lib/sensorlaunch
[0.816s] 
[0.816s] Installed /home/prius428/sensorlaunch/build/sensorlaunch
[0.816s] running symlink_data
[0.816s] error: can't copy '/home/prius428/sensorlaunch/build/sensorlaunch/config/usb_cam_params.yaml': doesn't exist or not a regular file
[0.834s] Invoked command in '/home/prius428/sensorlaunch/build/sensorlaunch' returned '1': PYTHONPATH=/home/prius428/sensorlaunch/build/sensorlaunch/prefix_override:/usr/lib/python3/dist-packages/colcon_core/task/python/colcon_distutils_commands:/home/prius428/sensorlaunch/install/sensorlaunch/lib/python3.10/site-packages:${PYTHONPATH} /usr/bin/python3 -W ignore:setup.py install is deprecated setup.py develop --editable --build-directory /home/prius428/sensorlaunch/build/sensorlaunch/build --no-deps symlink_data
