running develop
running egg_info
writing sensorlaunch.egg-info/PKG-INFO
writing dependency_links to sensorlaunch.egg-info/dependency_links.txt
writing entry points to sensorlaunch.egg-info/entry_points.txt
writing requirements to sensorlaunch.egg-info/requires.txt
writing top-level names to sensorlaunch.egg-info/top_level.txt
reading manifest file 'sensorlaunch.egg-info/SOURCES.txt'
writing manifest file 'sensorlaunch.egg-info/SOURCES.txt'
running build_ext
Creating /home/prius428/sensorlaunch/install/sensorlaunch/lib/python3.10/site-packages/sensorlaunch.egg-link (link to .)
Installing can_publisher_node script to /home/prius428/sensorlaunch/install/sensorlaunch/lib/sensorlaunch

Installed /home/prius428/sensorlaunch/build/sensorlaunch
running symlink_data
creating /home/prius428/sensorlaunch/install/sensorlaunch/share/sensorlaunch/launch
symbolically linking /home/prius428/sensorlaunch/build/sensorlaunch/launch/sensors_launch.py -> /home/prius428/sensorlaunch/install/sensorlaunch/share/sensorlaunch/launch
creating /home/prius428/sensorlaunch/install/sensorlaunch/share/sensorlaunch/launch/drivers
symbolically linking /home/prius428/sensorlaunch/build/sensorlaunch/launch/drivers/novatel_launch.py -> /home/prius428/sensorlaunch/install/sensorlaunch/share/sensorlaunch/launch/drivers
symbolically linking /home/prius428/sensorlaunch/build/sensorlaunch/launch/drivers/xsens_mti_launch.py -> /home/prius428/sensorlaunch/install/sensorlaunch/share/sensorlaunch/launch/drivers
symbolically linking /home/prius428/sensorlaunch/build/sensorlaunch/launch/drivers/usb_cam_launch.py -> /home/prius428/sensorlaunch/install/sensorlaunch/share/sensorlaunch/launch/drivers
symbolically linking /home/prius428/sensorlaunch/build/sensorlaunch/launch/drivers/velodyne_launch.py -> /home/prius428/sensorlaunch/install/sensorlaunch/share/sensorlaunch/launch/drivers
creating /home/prius428/sensorlaunch/install/sensorlaunch/share/sensorlaunch/config
symbolically linking /home/prius428/sensorlaunch/build/sensorlaunch/config/usb_cam_params.yaml -> /home/prius428/sensorlaunch/install/sensorlaunch/share/sensorlaunch/config
