[0.473s] Invoking command in '/home/prius428/sensorlaunch/build/sensorlaunch': PYTHONPATH=/home/prius428/sensorlaunch/build/sensorlaunch/prefix_override:/usr/lib/python3/dist-packages/colcon_core/task/python/colcon_distutils_commands:/home/prius428/sensorlaunch/install/sensorlaunch/lib/python3.10/site-packages:${PYTHONPATH} /usr/bin/python3 -W ignore:setup.py install is deprecated setup.py develop --editable --build-directory /home/prius428/sensorlaunch/build/sensorlaunch/build --no-deps symlink_data
[0.645s] running develop
[0.645s] /usr/lib/python3/dist-packages/setuptools/command/easy_install.py:158: EasyInstallDeprecationWarning: easy_install command is deprecated. Use build and pip and other standards-based tools.
[0.645s]   warnings.warn(
[0.750s] running egg_info
[0.750s] writing sensorlaunch.egg-info/PKG-INFO
[0.750s] writing dependency_links to sensorlaunch.egg-info/dependency_links.txt
[0.750s] writing entry points to sensorlaunch.egg-info/entry_points.txt
[0.750s] writing requirements to sensorlaunch.egg-info/requires.txt
[0.750s] writing top-level names to sensorlaunch.egg-info/top_level.txt
[0.751s] reading manifest file 'sensorlaunch.egg-info/SOURCES.txt'
[0.751s] writing manifest file 'sensorlaunch.egg-info/SOURCES.txt'
[0.773s] running build_ext
[0.774s] Creating /home/prius428/sensorlaunch/install/sensorlaunch/lib/python3.10/site-packages/sensorlaunch.egg-link (link to .)
[0.774s] Installing can_publisher_node script to /home/prius428/sensorlaunch/install/sensorlaunch/lib/sensorlaunch
[0.774s] 
[0.774s] Installed /home/prius428/sensorlaunch/build/sensorlaunch
[0.774s] running symlink_data
[0.774s] creating /home/prius428/sensorlaunch/install/sensorlaunch/share/sensorlaunch/launch
[0.774s] symbolically linking /home/prius428/sensorlaunch/build/sensorlaunch/launch/sensors_launch.py -> /home/prius428/sensorlaunch/install/sensorlaunch/share/sensorlaunch/launch
[0.774s] creating /home/prius428/sensorlaunch/install/sensorlaunch/share/sensorlaunch/launch/drivers
[0.774s] symbolically linking /home/prius428/sensorlaunch/build/sensorlaunch/launch/drivers/novatel_launch.py -> /home/prius428/sensorlaunch/install/sensorlaunch/share/sensorlaunch/launch/drivers
[0.774s] symbolically linking /home/prius428/sensorlaunch/build/sensorlaunch/launch/drivers/xsens_mti_launch.py -> /home/prius428/sensorlaunch/install/sensorlaunch/share/sensorlaunch/launch/drivers
[0.774s] symbolically linking /home/prius428/sensorlaunch/build/sensorlaunch/launch/drivers/usb_cam_launch.py -> /home/prius428/sensorlaunch/install/sensorlaunch/share/sensorlaunch/launch/drivers
[0.774s] symbolically linking /home/prius428/sensorlaunch/build/sensorlaunch/launch/drivers/velodyne_launch.py -> /home/prius428/sensorlaunch/install/sensorlaunch/share/sensorlaunch/launch/drivers
[0.774s] creating /home/prius428/sensorlaunch/install/sensorlaunch/share/sensorlaunch/config
[0.774s] symbolically linking /home/prius428/sensorlaunch/build/sensorlaunch/config/usb_cam_params.yaml -> /home/prius428/sensorlaunch/install/sensorlaunch/share/sensorlaunch/config
[0.787s] Invoked command in '/home/prius428/sensorlaunch/build/sensorlaunch' returned '0': PYTHONPATH=/home/prius428/sensorlaunch/build/sensorlaunch/prefix_override:/usr/lib/python3/dist-packages/colcon_core/task/python/colcon_distutils_commands:/home/prius428/sensorlaunch/install/sensorlaunch/lib/python3.10/site-packages:${PYTHONPATH} /usr/bin/python3 -W ignore:setup.py install is deprecated setup.py develop --editable --build-directory /home/prius428/sensorlaunch/build/sensorlaunch/build --no-deps symlink_data
